Arguments: 
  C:\Program Files\nodejs\node.exe C:\Program Files\nodejs\node_modules\yarn\bin\yarn.js install

PATH: 
  C:\Program Files\PowerShell\7;C:\devtools\python27\;C:\devtools\python27\Scripts;C:\Python310\Scripts\;C:\Python310\;C:\Program Files (x86)\Microsoft SDKs\Azure\CLI2\wbin;C:\DevTools\python38\Scripts\;C:\DevTools\python38\;C:\Windows\system32;C:\Windows;C:\Windows\System32\Wbem;C:\Windows\System32\WindowsPowerShell\v1.0\;C:\Windows\System32\OpenSSH\;C:\DevTools\Mercurial-BSI\Mercurial\;C:\DevTools\Mercurial-BSI\KDiff3\;C:\Program Files\dotnet\;C:\Program Files\TortoiseHg\;C:\cygwin64\bin;C:\batchFiles;C:\Program Files (x86)\Windows Kits\10\Windows Performance Toolkit\;C:\ProgramData\chocolatey\bin;D:\BentleyRepos\CivilConnector02\src\bsicommon\build\Tee.py;C:\cygwin64\bin\tee.exe;C:\Users\Caleb.German\OneDrive - Bentley Systems, Inc\Desktop\InternalTools\premake-5.0.0-beta1-windows\premake5.exe;C:\Users\Caleb.German\OneDrive - Bentley Systems, Inc\Desktop\InternalTools\Apache-Subversion-1.14.1\bin;C:\Program Files\Microsoft SQL Server\150\Tools\Binn\;C:\Users\Caleb.German\AppData\Roaming\nvm;C:\Program Files\nodejs;C:\Program Files (x86)\GitExtensions\;C:\Program Files\Microsoft\Azure Functions Core Tools\;C:\DevTools\Git\;C:\Program Files\Git\cmd;C:\Program Files\Seq\;C:\Program Files\Seq\Client\;C:\Program Files\Microsoft SQL Server\Client SDK\ODBC\170\Tools\Binn\;C:\Program Files\PowerShell\7-preview\preview;C:\Program Files\PowerShell\7\;C:\WINDOWS\system32;C:\WINDOWS;C:\WINDOWS\System32\Wbem;C:\WINDOWS\System32\WindowsPowerShell\v1.0\;C:\WINDOWS\System32\OpenSSH\;C:\Users\Caleb.German\AppData\Local\Microsoft\WindowsApps;C:\Users\Caleb.German\AppData\Local\GitHubDesktop\bin;c:\DevTools\Git\cmd;C:\Users\Caleb.German\.dotnet\tools;C:\devtools\cvsnt\;C:\Users\Caleb.German\AppData\Local\Programs\Microsoft VS Code\bin;C:\Users\Caleb.German\AppData\Local\nvs\;C:\Users\Caleb.German\AppData\Local\Programs\oh-my-posh\bin;C:\Program Files\JetBrains\WebStorm 2022.1.2\bin;C:\Program Files\PostgreSQL\14\bin;C:\Program Files\WindowsApps\Microsoft.WindowsTerminal_1.15.3465.0_x64__8wekyb3d8bbwe\wt.exe;C:\Users\Caleb.German\AppData\Local\Programs\Rancher Desktop\resources\resources\win32\bin;C:\Users\Caleb.German\AppData\Local\Programs\Rancher Desktop\resources\resources\linux\bin;C:\Users\Caleb.German\.dotnet\tools;C:\Users\Caleb.German\AppData\Local\Microsoft\WindowsApps

Yarn version: 
  1.22.19

Node version: 
  18.12.0

Platform: 
  win32 x64

Trace: 
  Error: https://registry.npmjs.org/@itwin%2fitwin-saved-views-types: Not found
      at params.callback [as _callback] (C:\Users\Caleb.German\AppData\Roaming\nvm\v18.12.0\node_modules\yarn\lib\cli.js:66145:18)
      at self.callback (C:\Users\Caleb.German\AppData\Roaming\nvm\v18.12.0\node_modules\yarn\lib\cli.js:140890:22)
      at Request.emit (node:events:513:28)
      at Request.<anonymous> (C:\Users\Caleb.German\AppData\Roaming\nvm\v18.12.0\node_modules\yarn\lib\cli.js:141862:10)
      at Request.emit (node:events:513:28)
      at IncomingMessage.<anonymous> (C:\Users\Caleb.German\AppData\Roaming\nvm\v18.12.0\node_modules\yarn\lib\cli.js:141784:12)
      at Object.onceWrapper (node:events:627:28)
      at IncomingMessage.emit (node:events:525:35)
      at endReadableNT (node:internal/streams/readable:1359:12)
      at process.processTicksAndRejections (node:internal/process/task_queues:82:21)

npm manifest: 
  {
    "name": "@itwin/saved-views-react",
    "version": "0.1.0",
    "license": "MIT",
    "repository": {
      "type": "git",
      "url": "https://github.com/iTwin/saved-views-react.git",
      "directory": "packages/saved-views-react"
    },
    "homepage": "https://github.com/iTwin/saved-views-react",
    "author": {
      "name": "Bentley Systems, Inc.",
      "url": "https://www.bentley.com"
    },
    "types": "./lib/cjs/index.d.ts",
    "exports": {
      ".": {
        "import": {
          "types": "./lib/esm/index.d.ts",
          "default": "./lib/esm/index.js"
        },
        "require": {
          "types": "./lib/cjs/index.d.ts",
          "default": "./lib/cjs/index.js"
        }
      }
    },
    "files": [
      "./lib",
      "./public"
    ],
    "scripts": {
      "build": "run-p build:**",
      "build:copy-assets:esm": "cpx \"./src/**/*.{scss,css}\" ./lib/esm",
      "build:copy-assets:cjs": "cpx \"./src/**/*.{scss,css}\" ./lib/cjs",
      "build:transpile:esm": "tsc --project ./tsconfig.build.json",
      "build:transpile:cjs": "tsc --project ./tsconfig.build.json --module CommonJS --moduleResolution Node16 --outDir ./lib/cjs",
      "test": "vitest run --passWithNoTests",
      "test:cover": "vitest run --coverage --passWithNoTests",
      "test:watch": "vitest watch",
      "typecheck": "tsc --noEmit"
    },
    "devDependencies": {
      "@itwin/itwin-saved-views-types": "0.0.3",
      "@itwin/appui-abstract": "^4.0.6",
      "@itwin/appui-react": "^4.3.0",
      "@itwin/core-bentley": "^4.0.6",
      "@itwin/core-common": "^4.0.6",
      "@itwin/core-frontend": "^4.0.6",
      "@itwin/core-geometry": "^4.0.6",
      "@itwin/core-i18n": "^4.0.6",
      "@itwin/core-react": "^4.3.0",
      "@testing-library/react": "^12.1.5",
      "@types/lodash": "^4.14.196",
      "@types/react": "^17.0.39",
      "@types/react-redux": "^7.1.25",
      "@types/react-select": "^3.0.26",
      "@types/react-window": "^1.8.5",
      "@types/uuid": "^9.0.2",
      "@vitejs/plugin-react-swc": "^3.3.2",
      "@vitest/coverage-v8": "^0.33.0",
      "cpx2": "^5.0.0",
      "happy-dom": "^10.5.2",
      "npm-run-all": "^4.1.5",
      "react": "^17.0.0",
      "react-dom": "^17.0.0",
      "react-redux-typescript": "3.0.0-rc.3",
      "typescript": "^5.1.6",
      "vite": "^4.4.7",
      "vitest": "^0.33.0"
    },
    "peerDependencies": {
      "@itwin/appui-abstract": "^4.0.6",
      "@itwin/appui-react": "^4.3.0",
      "@itwin/core-bentley": "^4.0.6",
      "@itwin/core-common": "^4.0.6",
      "@itwin/core-frontend": "^4.0.6",
      "@itwin/core-geometry": "^4.0.6",
      "@itwin/core-i18n": "^4.0.6",
      "@itwin/core-react": "^4.3.0",
      "react": "^17.0.0 || ^18.0.0",
      "react-dom": "^17.0.0 || ^18.0.0"
    },
    "dependencies": {
      "@itwin/itwinui-icons-react": "^2.4.0",
      "@itwin/itwinui-react": "^2.11.10",
      "@reduxjs/toolkit": "^1.9.5",
      "base64-arraybuffer": "^1.0.2",
      "class-validator": "^0.14.0",
      "lodash": "^4.17.21",
      "matcher": "^5.0.0",
      "react-redux": "^7.2.2",
      "react-select": "^3.1.0",
      "react-spring": "^8.0.27",
      "react-virtualized-auto-sizer": "^1.0.20",
      "react-window": "^1.8.9",
      "redux": "^4.1.0",
      "uuid": "^9.0.0"
    }
  }

yarn manifest: 
  No manifest

Lockfile: 
  No lockfile
